INFO	2022-04-20 18:55:34,039	54456	org.springframework.web.servlet.DispatcherServlet	[http-nio-8080-exec-1]	Initializing Servlet 'dispatcherServlet'
INFO	2022-04-20 18:55:34,039	54456	org.springframework.web.servlet.DispatcherServlet	[http-nio-8080-exec-1]	Completed initialization in 0 ms
DEBUG	2022-04-20 18:55:34,179	54596	com.storemart.employee.services.EmployeeService	[http-nio-8080-exec-1]	requester has the following permissions: REQUEST_HOURS, APPROVE_ASSIGNED_EMPLOYEE_TIMESHEET, APPROVE_ASSIGNED_EMPLOYEE_HOURS, EDIT_ASSIGNED_STORE_EMPLOYEE_PROFILES, VIEW_OWN_TIMESHEET, EDIT_OWN_TIMESHEET, VIEW_ASSIGNED_EMPLOYEE_TIMESHEET, EDIT_ASSIGNED_EMPLOYEE_PROFILES, VIEW_OWN_PROFILE, VIEW_ASSIGNED_EMPLOYEE_PROFILE, 
DEBUG	2022-04-20 18:55:34,179	54596	com.storemart.employee.controllers.AssociateAPI	[http-nio-8080-exec-1]	User 'lupton' lacks permission to edit employee profile with id '71'
INFO	2022-04-20 18:55:53,569	73986	org.springframework.orm.jpa.LocalContainerEntityManagerFactoryBean	[SpringApplicationShutdownHook]	Closing JPA EntityManagerFactory for persistence unit 'default'
INFO	2022-04-20 18:55:53,569	73986	com.zaxxer.hikari.HikariDataSource	[SpringApplicationShutdownHook]	HikariPool-1 - Shutdown initiated...
INFO	2022-04-20 18:55:53,569	73986	com.zaxxer.hikari.HikariDataSource	[SpringApplicationShutdownHook]	HikariPool-1 - Shutdown completed.
INFO	2022-04-20 18:55:59,859	0	com.storemart.employee.EmployeeApiApplication	[main]	Starting EmployeeApiApplication using Java 1.8.0_302 on DESKTOP-GTIL6SV with PID 11480 (C:\Users\erose\Desktop\Study\StoreMartAPI\EmployeeApi\target\classes started by erose in C:\Users\erose\Desktop\Study\StoreMartAPI)
DEBUG	2022-04-20 18:55:59,859	0	com.storemart.employee.EmployeeApiApplication	[main]	Running with Spring Boot v2.6.6, Spring v5.3.18
INFO	2022-04-20 18:55:59,859	0	com.storemart.employee.EmployeeApiApplication	[main]	No active profile set, falling back to 1 default profile: "default"
INFO	2022-04-20 18:56:00,329	470	org.springframework.data.repository.config.RepositoryConfigurationDelegate	[main]	Bootstrapping Spring Data JPA repositories in DEFAULT mode.
INFO	2022-04-20 18:56:00,375	516	org.springframework.data.repository.config.RepositoryConfigurationDelegate	[main]	Finished Spring Data repository scanning in 35 ms. Found 2 JPA repository interfaces.
INFO	2022-04-20 18:56:00,819	960	org.hibernate.jpa.internal.util.LogHelper	[main]	HHH000204: Processing PersistenceUnitInfo [name: default]
INFO	2022-04-20 18:56:00,859	1000	org.hibernate.Version	[main]	HHH000412: Hibernate ORM core version 5.6.7.Final
INFO	2022-04-20 18:56:00,959	1100	org.hibernate.annotations.common.Version	[main]	HCANN000001: Hibernate Commons Annotations {5.1.2.Final}
INFO	2022-04-20 18:56:01,029	1170	com.zaxxer.hikari.HikariDataSource	[main]	HikariPool-1 - Starting...
INFO	2022-04-20 18:56:01,149	1290	com.zaxxer.hikari.HikariDataSource	[main]	HikariPool-1 - Start completed.
INFO	2022-04-20 18:56:01,159	1300	org.hibernate.dialect.Dialect	[main]	HHH000400: Using dialect: org.hibernate.dialect.MySQL5Dialect
INFO	2022-04-20 18:56:01,639	1780	org.hibernate.engine.transaction.jta.platform.internal.JtaPlatformInitiator	[main]	HHH000490: Using JtaPlatform implementation: [org.hibernate.engine.transaction.jta.platform.internal.NoJtaPlatform]
INFO	2022-04-20 18:56:01,649	1790	org.springframework.orm.jpa.LocalContainerEntityManagerFactoryBean	[main]	Initialized JPA EntityManagerFactory for persistence unit 'default'
WARN	2022-04-20 18:56:01,959	2100	org.springframework.boot.autoconfigure.orm.jpa.JpaBaseConfiguration$JpaWebConfiguration	[main]	spring.jpa.open-in-view is enabled by default. Therefore, database queries may be performed during view rendering. Explicitly configure spring.jpa.open-in-view to disable this warning
INFO	2022-04-20 18:56:02,179	2320	com.storemart.employee.EmployeeApiApplication	[main]	Started EmployeeApiApplication in 2.564 seconds (JVM running for 3.218)
INFO	2022-04-20 18:57:08,599	68740	org.springframework.orm.jpa.LocalContainerEntityManagerFactoryBean	[SpringApplicationShutdownHook]	Closing JPA EntityManagerFactory for persistence unit 'default'
INFO	2022-04-20 18:57:08,599	68740	com.zaxxer.hikari.HikariDataSource	[SpringApplicationShutdownHook]	HikariPool-1 - Shutdown initiated...
INFO	2022-04-20 18:57:08,604	68745	com.zaxxer.hikari.HikariDataSource	[SpringApplicationShutdownHook]	HikariPool-1 - Shutdown completed.
INFO	2022-04-20 18:57:12,109	0	com.storemart.employee.EmployeeApiApplication	[main]	Starting EmployeeApiApplication using Java 1.8.0_302 on DESKTOP-GTIL6SV with PID 6552 (C:\Users\erose\Desktop\Study\StoreMartAPI\EmployeeApi\target\classes started by erose in C:\Users\erose\Desktop\Study\StoreMartAPI)
DEBUG	2022-04-20 18:57:12,114	5	com.storemart.employee.EmployeeApiApplication	[main]	Running with Spring Boot v2.6.6, Spring v5.3.18
INFO	2022-04-20 18:57:12,114	5	com.storemart.employee.EmployeeApiApplication	[main]	No active profile set, falling back to 1 default profile: "default"
INFO	2022-04-20 18:57:12,558	449	org.springframework.data.repository.config.RepositoryConfigurationDelegate	[main]	Bootstrapping Spring Data JPA repositories in DEFAULT mode.
INFO	2022-04-20 18:57:12,598	489	org.springframework.data.repository.config.RepositoryConfigurationDelegate	[main]	Finished Spring Data repository scanning in 33 ms. Found 2 JPA repository interfaces.
INFO	2022-04-20 18:57:13,058	949	org.hibernate.jpa.internal.util.LogHelper	[main]	HHH000204: Processing PersistenceUnitInfo [name: default]
INFO	2022-04-20 18:57:13,089	980	org.hibernate.Version	[main]	HHH000412: Hibernate ORM core version 5.6.7.Final
INFO	2022-04-20 18:57:13,179	1070	org.hibernate.annotations.common.Version	[main]	HCANN000001: Hibernate Commons Annotations {5.1.2.Final}
INFO	2022-04-20 18:57:13,249	1140	com.zaxxer.hikari.HikariDataSource	[main]	HikariPool-1 - Starting...
INFO	2022-04-20 18:57:13,349	1240	com.zaxxer.hikari.HikariDataSource	[main]	HikariPool-1 - Start completed.
INFO	2022-04-20 18:57:13,363	1254	org.hibernate.dialect.Dialect	[main]	HHH000400: Using dialect: org.hibernate.dialect.MySQL5Dialect
INFO	2022-04-20 18:57:13,830	1721	org.hibernate.engine.transaction.jta.platform.internal.JtaPlatformInitiator	[main]	HHH000490: Using JtaPlatform implementation: [org.hibernate.engine.transaction.jta.platform.internal.NoJtaPlatform]
INFO	2022-04-20 18:57:13,839	1730	org.springframework.orm.jpa.LocalContainerEntityManagerFactoryBean	[main]	Initialized JPA EntityManagerFactory for persistence unit 'default'
INFO	2022-04-20 18:57:14,409	2300	com.storemart.employee.EmployeeApiApplication	[main]	Started EmployeeApiApplication in 2.546 seconds (JVM running for 3.184)
INFO	2022-04-20 18:57:20,859	8750	org.springframework.orm.jpa.LocalContainerEntityManagerFactoryBean	[SpringApplicationShutdownHook]	Closing JPA EntityManagerFactory for persistence unit 'default'
INFO	2022-04-20 18:57:20,859	8750	com.zaxxer.hikari.HikariDataSource	[SpringApplicationShutdownHook]	HikariPool-1 - Shutdown initiated...
INFO	2022-04-20 18:57:20,869	8760	com.zaxxer.hikari.HikariDataSource	[SpringApplicationShutdownHook]	HikariPool-1 - Shutdown completed.
INFO	2022-04-20 18:57:39,249	0	com.storemart.employee.EmployeeApiApplication	[main]	Starting EmployeeApiApplication using Java 1.8.0_302 on DESKTOP-GTIL6SV with PID 6772 (C:\Users\erose\Desktop\Study\StoreMartAPI\EmployeeApi\target\classes started by erose in C:\Users\erose\Desktop\Study\StoreMartAPI)
DEBUG	2022-04-20 18:57:39,259	10	com.storemart.employee.EmployeeApiApplication	[main]	Running with Spring Boot v2.6.6, Spring v5.3.18
INFO	2022-04-20 18:57:39,259	10	com.storemart.employee.EmployeeApiApplication	[main]	No active profile set, falling back to 1 default profile: "default"
INFO	2022-04-20 18:57:44,448	0	com.storemart.employee.EmployeeApiApplication	[main]	Starting EmployeeApiApplication using Java 1.8.0_302 on DESKTOP-GTIL6SV with PID 8444 (C:\Users\erose\Desktop\Study\StoreMartAPI\EmployeeApi\target\classes started by erose in C:\Users\erose\Desktop\Study\StoreMartAPI)
DEBUG	2022-04-20 18:57:44,448	0	com.storemart.employee.EmployeeApiApplication	[main]	Running with Spring Boot v2.6.6, Spring v5.3.18
INFO	2022-04-20 18:57:44,448	0	com.storemart.employee.EmployeeApiApplication	[main]	No active profile set, falling back to 1 default profile: "default"
WARN	2022-04-20 18:57:46,465	2017	org.springframework.boot.autoconfigure.orm.jpa.JpaBaseConfiguration$JpaWebConfiguration	[main]	spring.jpa.open-in-view is enabled by default. Therefore, database queries may be performed during view rendering. Explicitly configure spring.jpa.open-in-view to disable this warning
INFO	2022-04-20 18:57:46,688	2240	com.storemart.employee.EmployeeApiApplication	[main]	Started EmployeeApiApplication in 2.484 seconds (JVM running for 3.123)
